Discord 0.0.102

(discord:62448): Gtk-WARNING **: 05:59:20.403: Theme parsing error: gtk-dark.css:2551:51: Using one color stop with linear-gradient() is deprecated.
[62448:0721/055920.452750:ERROR:object_proxy.cc(576)] Failed to call method: org.freedesktop.DBus.Properties.Get: object_path= /org/freedesktop/portal/desktop: org.freedesktop.DBus.Error.InvalidArgs: La interfaz «org.freedesktop.portal.FileChooser» no existe
[62448:0721/055920.452777:ERROR:file_dialog_linux_portal.cc(78)] Failed to read portal version property
(electron) 'session.getPreloads' is deprecated and will be removed. Please use 'session.getPreloadScripts' instead.
(electron) 'session.setPreloads' is deprecated and will be removed. Please use 'session.registerPreloadScript' instead.
Starting app.
Starting updater.
7/21/2025, 5:59:20 AM GMT-4 [Modules] Modules initializing
7/21/2025, 5:59:20 AM GMT-4 [Modules] Distribution: remote
7/21/2025, 5:59:20 AM GMT-4 [Modules] Host updates: enabled
7/21/2025, 5:59:20 AM GMT-4 [Modules] Module updates: enabled
7/21/2025, 5:59:20 AM GMT-4 [Modules] Module install path: /home/kry_/.config/discord/0.0.102/modules
7/21/2025, 5:59:20 AM GMT-4 [Modules] Module installed file path: /home/kry_/.config/discord/0.0.102/modules/installed.json
7/21/2025, 5:59:20 AM GMT-4 [Modules] Module download path: /home/kry_/.config/discord/0.0.102/modules/pending
splashScreen.initSplash(false)
CDM component API found
blackbox: 7/21/2025, 5:59:20 AM GMT-4 0 

----------------------------------------------
CDM completed with status: cdm-ready-success
blackbox: 7/21/2025, 5:59:20 AM GMT-4 1 Discord starting: {"releaseChannel":"stable","version":"0.0.102"}, modulepath: /home/kry_/.config/discord/0.0.102/modules
blackbox: 7/21/2025, 5:59:20 AM GMT-4 2 ✅ webContents.created web1 "index.html"
blackbox: 7/21/2025, 5:59:20 AM GMT-4 3 ✅ window.created win1 "discord"
(electron) 'console-message' arguments are deprecated and will be removed. Please use Event<WebContentsConsoleMessageEventParams> object instead.
05:59:20.700 › DiscordSplash.signalReady
splashScreen: SPLASH_SCREEN_READY
splashScreen.webContentsSend: SPLASH_SCREEN_QUOTE SPLASH_SCREEN_QUOTE [ 'Hold Tight — Loading Discord' ]
7/21/2025, 5:59:20 AM GMT-4 [Modules] No updates to install
splashScreen: no-pending-updates
7/21/2025, 5:59:20 AM GMT-4 [Modules] Checking for host updates.
splashScreen: checking-for-updates
splashScreen.updateSplashState checking-for-updates checking-for-updates {}
splashScreen.webContentsSend: SPLASH_UPDATE_STATE SPLASH_UPDATE_STATE [ { status: 'checking-for-updates' } ]
05:59:20.757 › DiscordSplash.onStateUpdate: {"status":"checking-for-updates"}
05:59:20.759 › Splash.onStateUpdate: {"status":"checking-for-updates"}
blackbox: 7/21/2025, 5:59:20 AM GMT-4 4 ✅ webContents.did-finish-load web1
7/21/2025, 5:59:21 AM GMT-4 [Modules] Host is up to date.
7/21/2025, 5:59:21 AM GMT-4 [Modules] Checking for module updates at https://discord.com/api/modules/stable/versions.json
7/21/2025, 5:59:21 AM GMT-4 [Modules] No module updates available.
splashScreen: update-check-finished true 0 false
splashScreen.launchMainWindow: false
Optional module ./ElectronTestRpc was not included.
Clearing GPU cache...
splashScreen.updateSplashState launching launching {}
splashScreen.webContentsSend: SPLASH_UPDATE_STATE SPLASH_UPDATE_STATE [ { status: 'launching' } ]
blackbox: 7/21/2025, 5:59:21 AM GMT-4 5 ✅ webContents.created web2 ""
05:59:21.116 › DiscordSplash.onStateUpdate: {"status":"launching"}
05:59:21.117 › Splash.onStateUpdate: {"status":"launching"}
Clearing code cache...
blackbox: 7/21/2025, 5:59:21 AM GMT-4 6 ✅ window.created win2 "Discord"
05:59:21.727 › Splash.updateCountdownSeconds: undefined
05:59:21.747 › [FAST CONNECT] wss://gateway.discord.gg/?encoding=etf&v=9&compress=zstd-stream, encoding: etf, version: 9
blackbox: 7/21/2025, 5:59:22 AM GMT-4 7 ✅ webContents.did-finish-load web2
05:59:22.074 › [FAST CONNECT] connected in 319ms
05:59:22.080 › [libdiscore] [experiment_manager] Loaded experiments from cache
05:59:22.088 › [libdiscore] [BlockedDomainsStore] Deserialized 38770 hashes, revision 1539
05:59:22.223 › [KvStore] GuildStore initialized in mode: typescript
05:59:22.361 › Initializing voice engine with audio subsystem: standard
05:59:22.567 › [DatabaseManager] active user changed (now: 1351494184909013092, was: null, was: undefined)
legacyModuleUpdater: installed-module discord_krisp 1 1 true
legacyModuleUpdater: installed-module discord_game_utils 1 1 true
05:59:22.633 › [default] [BUILD INFO] Release Channel: stable, Build Number: 420580, Version Hash: cc628078f5286d83f584ee209a9615af26f5238b
05:59:22.699 › Splash.updateCountdownSeconds: undefined
05:59:22.807 › [KvStore] NoteStore initialized in mode: typescript
05:59:22.825 › [default] [NATIVE INFO] host 0.0.102, modules: discord_desktop_core: 1, discord_erlpack: 1, discord_spellcheck: 1, discord_utils: 1, discord_voice: 1, discord_zstd: 1, discord_krisp: 1, discord_game_utils: 1, discord_rpc: 1, build: null
mainScreen.UpdaterEvents: UPDATER_HISTORY_QUERY_AND_TRUNCATE
ipcMain.on(IPCEvents.APP_ASYNC_INDEX_TSX_LOADED) false false
splashScreen.pageReady
05:59:22.834 › [libdiscore] The answer for life the universe and everything is: 42
05:59:22.879 › [Spellchecker] sh is not a valid locale.
[62520:0721/055922.891362:ERROR:gl_surface_presentation_helper.cc(260)] GetVSyncParametersIfAvailable() failed for 1 times!
blackbox: 7/21/2025, 5:59:22 AM GMT-4 8 window.close win1
WEIGHT /home/kry_/.config/discord/0.0.102/modules/discord_krisp/c5.n.s.20949d.kw
blackbox: 7/21/2025, 5:59:23 AM GMT-4 9 webContents.destroyed web1
WEIGHT /home/kry_/.config/discord/0.0.102/modules/discord_krisp/c5.s.w.c9ac8f.kw
blackbox: 7/21/2025, 5:59:23 AM GMT-4 10 window.closed win1
WEIGHT /home/kry_/.config/discord/0.0.102/modules/discord_krisp/c6.f.s.ced125.kw
WEIGHT /home/kry_/.config/discord/0.0.102/modules/discord_krisp/VAD_model.kw
mainScreen.UpdaterEvents: UPDATER_HISTORY_QUERY_AND_TRUNCATE
05:59:23.586 › [Spellchecker] Switching to es-ES (available)
mainScreen.UpdaterEvents: UPDATER_HISTORY_QUERY_AND_TRUNCATE
05:59:24.118 › [CloudSyncUtils] CloudSync is not supported on this platform
05:59:24.370 › Requested message Qm6K/v does not have a value in the requested locale es-ES nor the default locale en-US
legacyModuleUpdater: installed-module discord_rpc 1 1 true
05:59:24.409 › [ConnectionStore] Socket is reconnecting because of starting new session
05:59:24.409 › [GatewaySocket] .connect() called, new state is WILL_RECONNECT
05:59:24.409 › [GatewaySocket] Setting connection state to WILL_RECONNECT
05:59:24.409 › [GatewaySocket] Setting connection state to CONNECTING
05:59:24.409 › [GatewaySocket] [CONNECT] wss://gateway.discord.gg, encoding: etf, version: 9, compression: zstd-stream
05:59:24.410 › [GatewaySocket] [FAST CONNECT] successfully took over websocket, state: [object Object]
05:59:24.410 › [GatewaySocket] [CONNECTED] wss://gateway.discord.gg/?encoding=etf&v=9&compress=zstd-stream in 1 ms
05:59:24.410 › [ConnectionStore] handleIdentify called [object Object]
05:59:24.410 › [GatewaySocket] Setting connection state to IDENTIFYING
05:59:24.411 › [GatewaySocket] [HELLO] via 
gateway-prd-us-east1-b-7tw3: 0, heartbeat interval: 41250, took 2 ms
05:59:24.421 › [GatewaySocket] [IDENTIFY]
mainScreen.UpdaterEvents: UPDATER_HISTORY_QUERY_AND_TRUNCATE
05:59:24.502 › [RPCServer:WSS] Starting on 6463
05:59:24.503 › [RPCServer:IPC] Starting on /run/user/1000/discord-ipc-0
05:59:24.622 › [GatewaySocket] [READY] took 212ms, as 277a750badd888cfb698df534f8aa51f
05:59:24.622 › [GatewaySocket] 
gateway-prd-us-east1-b-7tw3: 129.122
|  id_created: 0.447
|  session_lookup_time: 0.257
|  session_lookup_finished: 0.016
|  discord-sessions-prd-2-52: 127.859
|  |  start_session: 114.958
|  |  |  discord-api-rpc-576ff9f8dd-cklsc: 83.904
|  |  |  |  get_user: 4.984
|  |  |  |  get_guilds: 25.058
|  |  |  |  user_settings_proto: 0.061
|  |  |  |  relationships: 0.012
|  |  |  |  game_relationships: 0.003
|  |  |  |  friend_suggestion: 0.04
|  |  |  |  connections: 0.125
|  |  |  |  serialized_read_states: 0.005
|  |  |  |  send_scheduled_deletion_message: 0.003
|  |  |  |  sanitize_premium_perks: 0.002
|  |  |  |  guild_join_requests: 1.088
|  |  |  |  user_guild_settings: 0.004
|  |  |  |  serialized_private_channels: 0.003
|  |  |  |  user_segments: 11.235
|  |  |  |  game_invites: 0.004
|  |  |  |  blocker_ids: 0.003
|  |  |  |  affine_user_ids: 0.014
|  |  |  |  experiments: 21.533
|  |  |  |  required_action: 0.03
|  |  |  |  authorized_ip_coro: 0.006
|  |  |  |  pending_payments: 9.496
|  |  |  |  apex_experiments: 6.783
|  |  |  |  user_activities: 0.006
|  |  |  |  played_application_ids: 0.003
|  |  starting_guild_connect: 0.034
|  |  presence_started: 0.95
|  |  guilds_started: 0.001
|  |  lobbies_started: 0
|  |  guilds_connect: 0.001
|  |  presence_connect: 11.545
|  |  connect_finished: 11.794
|  |  build_ready: 0.014
|  |  clean_ready: 0
|  |  optimize_ready: 0.106
|  |  split_ready: 0.001
05:59:24.622 › [GatewaySocket] Setting connection state to SESSION_ESTABLISHED
05:59:24.622 › [GatewaySocket] Updating resume url to wss://gateway-us-east1-b.discord.gg
05:59:24.626 › [Flux] Dispatching CONNECTION_OPEN
05:59:24.627 › [AuthenticationStore] handleConnectionOpen called [object Object]
05:59:24.630 › [DatabaseManager] removing database (user: 1351494184909013092, database: undefined)
05:59:24.630 › [DatabaseManager] added database (1351494184909013092 → null)
05:59:24.634 › [NativeDispatchUtils] Tried getting Dispatch instance before instantiated
05:59:24.638 › [Spotify] WS Connecting
05:59:24.640 › [Spotify] Added account: 31wbdtq3qiffnn2vo3zr355j3m3y
05:59:24.642 › [OverlayRenderStore] setOverlayEnabled: not supported
05:59:24.656 › [OverlayStoreV3] Maybe Enable Overlay
05:59:24.921 › [GatewaySocket] [READY_SUPPLEMENTAL] took 512ms
05:59:24.923 › [GatewaySocket] Setting connection state to SESSION_ESTABLISHED
05:59:25.086 › [Spotify] WS Connected
blackbox: 7/21/2025, 5:59:25 AM GMT-4 11 before-quit
[62448:0721/055925.140745:ERROR:zygote_communication_linux.cc(296)] Failed to send GetTerminationStatus message to zygote
[62448:0721/055925.142133:ERROR:gpu_process_host.cc(947)] GPU process launch failed: error_code=1002
[62448:0721/055925.142542:ERROR:gpu_process_host.cc(947)] GPU process launch failed: error_code=1002
[62448:0721/055925.143212:ERROR:gpu_process_host.cc(947)] GPU process launch failed: error_code=1002
[62448:0721/055925.144756:ERROR:network_service_instance_impl.cc(612)] Network service crashed, restarting service.
mainScreen.webContentsSend: mainWindow is null or destroyed
[62448:0721/055925.169544:ERROR:gpu_process_host.cc(947)] GPU process launch failed: error_code=1002
[62448:0721/055925.171313:ERROR:gpu_process_host.cc(947)] GPU process launch failed: error_code=1002
[62448:0721/055925.171926:ERROR:gpu_process_host.cc(947)] GPU process launch failed: error_code=1002
[62448:0721/055925.172465:ERROR:gpu_process_host.cc(947)] GPU process launch failed: error_code=1002
[62448:0721/055925.172937:ERROR:gpu_process_host.cc(947)] GPU process launch failed: error_code=1002
[62448:0721/055925.173636:ERROR:gpu_process_host.cc(947)] GPU process launch failed: error_code=1002
[62448:0721/055925.173658:FATAL:gpu_data_manager_impl_private.cc(420)] GPU process isn't usable. Goodbye.
[0721/055925.182249:ERROR:elf_dynamic_array_reader.h(64)] tag not found
[0721/055925.182810:ERROR:elf_dynamic_array_reader.h(64)] tag not found
